<?xml version="1.0" encoding="UTF-8"?>
<testng-results skipped="0" failed="0" ignored="0" total="12" passed="12">
  <reporter-output>
  </reporter-output>
  <suite name="Default suite" duration-ms="15533" started-at="2018-06-28T07:19:47Z" finished-at="2018-06-28T07:20:02Z">
    <groups>
    </groups>
    <test name="Default test" duration-ms="15533" started-at="2018-06-28T07:19:47Z" finished-at="2018-06-28T07:20:02Z">
      <class name="tatocautomation.TatocTest">
        <test-method status="PASS" signature="launchbrowser()[pri:0, instance:tatocautomation.TatocTest@29ee9faa]" name="launchbrowser" is-config="true" duration-ms="6598" started-at="2018-06-28T07:19:47Z" finished-at="2018-06-28T07:19:53Z">
          <reporter-output>
          </reporter-output>
        </test-method> <!-- launchbrowser -->
        <test-method status="PASS" signature="getRed()[pri:0, instance:tatocautomation.TatocTest@29ee9faa]" name="getRed" duration-ms="206" started-at="2018-06-28T07:19:53Z" finished-at="2018-06-28T07:19:53Z">
          <reporter-output>
          </reporter-output>
        </test-method> <!-- getRed -->
        <test-method status="PASS" signature="getGreen()[pri:1, instance:tatocautomation.TatocTest@29ee9faa]" name="getGreen" duration-ms="408" started-at="2018-06-28T07:19:53Z" finished-at="2018-06-28T07:19:54Z">
          <reporter-output>
          </reporter-output>
        </test-method> <!-- getGreen -->
        <test-method status="PASS" signature="differentcolor()[pri:2, instance:tatocautomation.TatocTest@29ee9faa]" name="differentcolor" duration-ms="289" started-at="2018-06-28T07:19:54Z" finished-at="2018-06-28T07:19:54Z">
          <reporter-output>
          </reporter-output>
        </test-method> <!-- differentcolor -->
        <test-method status="PASS" signature="samecolor()[pri:3, instance:tatocautomation.TatocTest@29ee9faa]" name="samecolor" duration-ms="1070" started-at="2018-06-28T07:19:54Z" finished-at="2018-06-28T07:19:55Z">
          <reporter-output>
          </reporter-output>
        </test-method> <!-- samecolor -->
        <test-method status="PASS" signature="nodrag()[pri:4, instance:tatocautomation.TatocTest@29ee9faa]" name="nodrag" duration-ms="156" started-at="2018-06-28T07:19:55Z" finished-at="2018-06-28T07:19:55Z">
          <reporter-output>
          </reporter-output>
        </test-method> <!-- nodrag -->
        <test-method status="PASS" signature="drag()[pri:5, instance:tatocautomation.TatocTest@29ee9faa]" name="drag" duration-ms="449" started-at="2018-06-28T07:19:55Z" finished-at="2018-06-28T07:19:56Z">
          <reporter-output>
          </reporter-output>
        </test-method> <!-- drag -->
        <test-method status="PASS" signature="popUpNotOpen()[pri:6, instance:tatocautomation.TatocTest@29ee9faa]" name="popUpNotOpen" duration-ms="163" started-at="2018-06-28T07:19:56Z" finished-at="2018-06-28T07:19:56Z">
          <reporter-output>
          </reporter-output>
        </test-method> <!-- popUpNotOpen -->
        <test-method status="PASS" signature="emptySubmitPopUp()[pri:7, instance:tatocautomation.TatocTest@29ee9faa]" name="emptySubmitPopUp" duration-ms="1587" started-at="2018-06-28T07:19:56Z" finished-at="2018-06-28T07:19:58Z">
          <reporter-output>
          </reporter-output>
        </test-method> <!-- emptySubmitPopUp -->
        <test-method status="PASS" signature="textSubmitPopUp()[pri:8, instance:tatocautomation.TatocTest@29ee9faa]" name="textSubmitPopUp" duration-ms="1557" started-at="2018-06-28T07:19:58Z" finished-at="2018-06-28T07:19:59Z">
          <reporter-output>
          </reporter-output>
        </test-method> <!-- textSubmitPopUp -->
        <test-method status="PASS" signature="nocookiegenerated()[pri:9, instance:tatocautomation.TatocTest@29ee9faa]" name="nocookiegenerated" duration-ms="167" started-at="2018-06-28T07:19:59Z" finished-at="2018-06-28T07:19:59Z">
          <reporter-output>
          </reporter-output>
        </test-method> <!-- nocookiegenerated -->
        <test-method status="PASS" signature="addwrongcookie()[pri:10, instance:tatocautomation.TatocTest@29ee9faa]" name="addwrongcookie" duration-ms="348" started-at="2018-06-28T07:19:59Z" finished-at="2018-06-28T07:20:00Z">
          <reporter-output>
          </reporter-output>
        </test-method> <!-- addwrongcookie -->
        <test-method status="PASS" signature="addcorrectcookie()[pri:11, instance:tatocautomation.TatocTest@29ee9faa]" name="addcorrectcookie" duration-ms="300" started-at="2018-06-28T07:20:00Z" finished-at="2018-06-28T07:20:00Z">
          <reporter-output>
          </reporter-output>
        </test-method> <!-- addcorrectcookie -->
        <test-method status="PASS" signature="closeBrowser()[pri:0, instance:tatocautomation.TatocTest@29ee9faa]" name="closeBrowser" is-config="true" duration-ms="2189" started-at="2018-06-28T07:20:00Z" finished-at="2018-06-28T07:20:02Z">
          <reporter-output>
          </reporter-output>
        </test-method> <!-- closeBrowser -->
      </class> <!-- tatocautomation.TatocTest -->
    </test> <!-- Default test -->
  </suite> <!-- Default suite -->
</testng-results>
