<?xml version="1.0" encoding="UTF-8"?>
<!-- Generated by org.testng.reporters.JUnitXMLReporter -->
<testsuite hostname="LNDA0059" ignored="0" name="Default test" tests="12" failures="0" timestamp="28 Jun 2018 07:20:02 GMT" time="15.533" errors="0">
  <testcase name="getRed" time="0.206" classname="tatocautomation.TatocTest"/>
  <testcase name="getGreen" time="0.408" classname="tatocautomation.TatocTest"/>
  <testcase name="differentcolor" time="0.289" classname="tatocautomation.TatocTest"/>
  <testcase name="samecolor" time="1.07" classname="tatocautomation.TatocTest"/>
  <testcase name="nodrag" time="0.156" classname="tatocautomation.TatocTest"/>
  <testcase name="drag" time="0.449" classname="tatocautomation.TatocTest"/>
  <testcase name="popUpNotOpen" time="0.163" classname="tatocautomation.TatocTest"/>
  <testcase name="emptySubmitPopUp" time="1.587" classname="tatocautomation.TatocTest"/>
  <testcase name="textSubmitPopUp" time="1.557" classname="tatocautomation.TatocTest"/>
  <testcase name="nocookiegenerated" time="0.167" classname="tatocautomation.TatocTest"/>
  <testcase name="addwrongcookie" time="0.348" classname="tatocautomation.TatocTest"/>
  <testcase name="addcorrectcookie" time="0.3" classname="tatocautomation.TatocTest"/>
</testsuite> <!-- Default test -->
